2021-Sep-25 19:43:46 PM [main] INFO  com.autonationpractice.base.WebDriverFactory - Chrome Browser invoked
2021-Sep-25 19:43:47 PM [main] INFO  com.autonationpractice.base.WebDriverFactory - Driver maximized and implicit time out set to 20 seconds
2021-Sep-25 19:43:47 PM [main] INFO  com.autonationpractice.base.TestContext - Browser invoked.
2021-Sep-25 19:44:04 PM [main] INFO  com.autonationpractice.base.WebDriverFactory - Browser navigated to the url: http://automationpractice.com/index.php?
2021-Sep-25 19:44:08 PM [main] INFO  com.autonationpractice.pageObjects.Cartpage_pageObjects - Enter mail id ::> ghulesujit1@gmail.com
2021-Sep-25 19:44:09 PM [main] INFO  com.autonationpractice.pageObjects.Cartpage_pageObjects - Enter password ::> sujit1234@
2021-Sep-25 19:44:11 PM [main] INFO  com.autonationpractice.pageObjects.Cartpage_pageObjects - click on SignIn Button.
2021-Sep-25 19:44:19 PM [main] INFO  com.autonationpractice.pageObjects.Cartpage_pageObjects - Customer select quantity and size
2021-Sep-25 19:44:57 PM [main] INFO  io.cucumber.messages.Messages.Hook - Test case isn't passed, screenShot is captured.
2021-Sep-25 19:44:58 PM [main] INFO  com.autonationpractice.base.TestContext - Browser quit.
2021-Sep-25 19:45:02 PM [main] INFO  com.autonationpractice.base.WebDriverFactory - Chrome Browser invoked
2021-Sep-25 19:45:02 PM [main] INFO  com.autonationpractice.base.WebDriverFactory - Driver maximized and implicit time out set to 20 seconds
2021-Sep-25 19:45:02 PM [main] INFO  com.autonationpractice.base.TestContext - Browser invoked.
2021-Sep-25 19:45:23 PM [main] INFO  com.autonationpractice.base.WebDriverFactory - Browser navigated to the url: http://automationpractice.com/index.php?
2021-Sep-25 19:45:28 PM [main] INFO  com.autonationpractice.pageObjects.Landingpage_pageObjects - Customer succefully visited Youtube
2021-Sep-25 19:45:28 PM [main] INFO  io.cucumber.messages.Messages.Hook - Test case is passed, No screenShot is captured.
2021-Sep-25 19:45:29 PM [main] INFO  com.autonationpractice.base.TestContext - Browser quit.
2021-Sep-25 19:45:31 PM [main] INFO  com.autonationpractice.base.WebDriverFactory - Chrome Browser invoked
2021-Sep-25 19:45:31 PM [main] INFO  com.autonationpractice.base.WebDriverFactory - Driver maximized and implicit time out set to 20 seconds
2021-Sep-25 19:45:31 PM [main] INFO  com.autonationpractice.base.TestContext - Browser invoked.
2021-Sep-25 19:45:40 PM [main] INFO  com.autonationpractice.base.WebDriverFactory - Browser navigated to the url: http://automationpractice.com/index.php?
2021-Sep-25 19:45:50 PM [main] INFO  com.autonationpractice.pageObjects.Landingpage_pageObjects - Customer succefully visited Twitter
2021-Sep-25 19:45:50 PM [main] INFO  io.cucumber.messages.Messages.Hook - Test case is passed, No screenShot is captured.
2021-Sep-25 19:45:50 PM [main] INFO  com.autonationpractice.base.TestContext - Browser quit.
2021-Sep-25 19:45:52 PM [main] INFO  com.autonationpractice.base.WebDriverFactory - Chrome Browser invoked
2021-Sep-25 19:45:52 PM [main] INFO  com.autonationpractice.base.WebDriverFactory - Driver maximized and implicit time out set to 20 seconds
2021-Sep-25 19:45:52 PM [main] INFO  com.autonationpractice.base.TestContext - Browser invoked.
2021-Sep-25 19:46:01 PM [main] INFO  com.autonationpractice.base.WebDriverFactory - Browser navigated to the url: http://automationpractice.com/index.php?
2021-Sep-25 19:46:04 PM [main] INFO  com.autonationpractice.pageObjects.Landingpage_pageObjects - Customer succefully visited Facebook
2021-Sep-25 19:46:04 PM [main] INFO  io.cucumber.messages.Messages.Hook - Test case is passed, No screenShot is captured.
2021-Sep-25 19:46:05 PM [main] INFO  com.autonationpractice.base.TestContext - Browser quit.
2021-Sep-25 19:46:06 PM [main] INFO  com.autonationpractice.base.WebDriverFactory - Chrome Browser invoked
2021-Sep-25 19:46:06 PM [main] INFO  com.autonationpractice.base.WebDriverFactory - Driver maximized and implicit time out set to 20 seconds
2021-Sep-25 19:46:06 PM [main] INFO  com.autonationpractice.base.TestContext - Browser invoked.
2021-Sep-25 19:46:22 PM [main] INFO  com.autonationpractice.base.WebDriverFactory - Browser navigated to the url: http://automationpractice.com/index.php?
2021-Sep-25 19:46:22 PM [main] INFO  com.autonationpractice.pageObjects.Productpage_pageObjects - Search for the product “Dress” in the search box.
2021-Sep-25 19:46:24 PM [main] INFO  com.autonationpractice.pageObjects.Productpage_pageObjects - All product get displayed in the list with names ::>
2021-Sep-25 19:46:24 PM [main] INFO  com.autonationpractice.pageObjects.Productpage_pageObjects -                                                 1) Summer Dresses > Printed Summer Dress
2021-Sep-25 19:46:24 PM [main] INFO  com.autonationpractice.pageObjects.Productpage_pageObjects -                                                 2) Evening Dresses > Printed Dress
2021-Sep-25 19:46:24 PM [main] INFO  com.autonationpractice.pageObjects.Productpage_pageObjects -                                                 3) Summer Dresses > Printed Summer Dress
2021-Sep-25 19:46:24 PM [main] INFO  com.autonationpractice.pageObjects.Productpage_pageObjects -                                                 4) Summer Dresses > Printed Chiffon Dress
2021-Sep-25 19:46:24 PM [main] INFO  com.autonationpractice.pageObjects.Productpage_pageObjects -                                                 5) Casual Dresses > Printed Dress
2021-Sep-25 19:46:24 PM [main] INFO  com.autonationpractice.pageObjects.Productpage_pageObjects -                                                 6) T-shirts > Faded Short Sleeve T-shirts
2021-Sep-25 19:46:24 PM [main] INFO  com.autonationpractice.pageObjects.Productpage_pageObjects -                                                 7) Blouses > Blouse
2021-Sep-25 19:46:24 PM [main] INFO  com.autonationpractice.pageObjects.Productpage_pageObjects - Validate with the Expected result as 7 => Actual Result :: 7
2021-Sep-25 19:46:24 PM [main] INFO  io.cucumber.messages.Messages.Hook - Test case is passed, No screenShot is captured.
2021-Sep-25 19:46:25 PM [main] INFO  com.autonationpractice.base.TestContext - Browser quit.
2021-Sep-25 19:46:26 PM [main] INFO  com.autonationpractice.base.WebDriverFactory - Chrome Browser invoked
2021-Sep-25 19:46:26 PM [main] INFO  com.autonationpractice.base.WebDriverFactory - Driver maximized and implicit time out set to 20 seconds
2021-Sep-25 19:46:26 PM [main] INFO  com.autonationpractice.base.TestContext - Browser invoked.
2021-Sep-25 19:46:40 PM [main] INFO  com.autonationpractice.base.WebDriverFactory - Browser navigated to the url: http://automationpractice.com/index.php?
2021-Sep-25 19:46:47 PM [main] INFO  com.autonationpractice.pageObjects.Productpage_pageObjects - The sum of all products Match with actual Total
2021-Sep-25 19:46:47 PM [main] INFO  io.cucumber.messages.Messages.Hook - Test case is passed, No screenShot is captured.
2021-Sep-25 19:46:48 PM [main] INFO  com.autonationpractice.base.TestContext - Browser quit.
2021-Sep-25 19:46:50 PM [main] INFO  com.autonationpractice.base.WebDriverFactory - Chrome Browser invoked
2021-Sep-25 19:46:50 PM [main] INFO  com.autonationpractice.base.WebDriverFactory - Driver maximized and implicit time out set to 20 seconds
2021-Sep-25 19:46:50 PM [main] INFO  com.autonationpractice.base.TestContext - Browser invoked.
2021-Sep-25 19:47:01 PM [main] INFO  com.autonationpractice.base.WebDriverFactory - Browser navigated to the url: http://automationpractice.com/index.php?
2021-Sep-25 19:47:05 PM [main] INFO  com.autonationpractice.pageObjects.Productpage_pageObjects - Enter mail id ::> ghulesujit1@gmail.com
2021-Sep-25 19:47:05 PM [main] INFO  com.autonationpractice.pageObjects.Productpage_pageObjects - Enter password ::> sujit1234@
2021-Sep-25 19:47:07 PM [main] INFO  com.autonationpractice.pageObjects.Productpage_pageObjects - click on SignIn Button.
2021-Sep-25 19:47:10 PM [main] INFO  com.autonationpractice.pageObjects.Productpage_pageObjects - select T-shirts option.
2021-Sep-25 19:47:15 PM [main] INFO  com.autonationpractice.pageObjects.Productpage_pageObjects - select More option.
2021-Sep-25 19:47:15 PM [main] INFO  com.autonationpractice.pageObjects.Productpage_pageObjects - enter Friend Name ::> mahesh nikam
2021-Sep-25 19:47:15 PM [main] INFO  com.autonationpractice.pageObjects.Productpage_pageObjects - enter Friend Mail ID ::> maheshnikam1@gmail.com
2021-Sep-25 19:47:15 PM [main] INFO  com.autonationpractice.pageObjects.Productpage_pageObjects - Click on Send button.
2021-Sep-25 19:47:16 PM [main] INFO  com.autonationpractice.pageObjects.Productpage_pageObjects - Send E-mail Successfully
2021-Sep-25 19:47:16 PM [main] INFO  io.cucumber.messages.Messages.Hook - Test case is passed, No screenShot is captured.
2021-Sep-25 19:47:17 PM [main] INFO  com.autonationpractice.base.TestContext - Browser quit.
2021-Sep-25 19:47:19 PM [main] INFO  com.autonationpractice.base.WebDriverFactory - Chrome Browser invoked
2021-Sep-25 19:47:19 PM [main] INFO  com.autonationpractice.base.WebDriverFactory - Driver maximized and implicit time out set to 20 seconds
2021-Sep-25 19:47:19 PM [main] INFO  com.autonationpractice.base.TestContext - Browser invoked.
2021-Sep-25 19:47:27 PM [main] INFO  com.autonationpractice.base.WebDriverFactory - Browser navigated to the url: http://automationpractice.com/index.php?
2021-Sep-25 19:47:29 PM [main] INFO  com.autonationpractice.pageObjects.Productpage_pageObjects - select T-shirts option.
2021-Sep-25 19:47:32 PM [main] INFO  com.autonationpractice.pageObjects.Productpage_pageObjects - Click on blue color.
2021-Sep-25 19:47:33 PM [main] INFO  com.autonationpractice.pageObjects.Productpage_pageObjects - Assertion completed and product color is changed.
2021-Sep-25 19:47:33 PM [main] INFO  io.cucumber.messages.Messages.Hook - Test case is passed, No screenShot is captured.
2021-Sep-25 19:47:33 PM [main] INFO  com.autonationpractice.base.TestContext - Browser quit.
2021-Sep-25 19:47:35 PM [main] INFO  com.autonationpractice.base.WebDriverFactory - Chrome Browser invoked
2021-Sep-25 19:47:35 PM [main] INFO  com.autonationpractice.base.WebDriverFactory - Driver maximized and implicit time out set to 20 seconds
2021-Sep-25 19:47:35 PM [main] INFO  com.autonationpractice.base.TestContext - Browser invoked.
2021-Sep-25 19:47:45 PM [main] INFO  com.autonationpractice.base.WebDriverFactory - Browser navigated to the url: http://automationpractice.com/index.php?
2021-Sep-25 19:47:46 PM [main] INFO  com.autonationpractice.pageObjects.Productpage_pageObjects - First Product Add
2021-Sep-25 19:47:48 PM [main] INFO  com.autonationpractice.pageObjects.Productpage_pageObjects - Second Product Add
2021-Sep-25 19:47:50 PM [main] INFO  com.autonationpractice.pageObjects.Productpage_pageObjects - Third Product Add
2021-Sep-25 19:47:50 PM [main] INFO  com.autonationpractice.pageObjects.Productpage_pageObjects -  Add Three Product In Cart
2021-Sep-25 19:47:50 PM [main] INFO  com.autonationpractice.pageObjects.Productpage_pageObjects - Cart Product Value Same
2021-Sep-25 19:47:50 PM [main] INFO  io.cucumber.messages.Messages.Hook - Test case is passed, No screenShot is captured.
2021-Sep-25 19:47:50 PM [main] INFO  com.autonationpractice.base.TestContext - Browser quit.
2021-Sep-25 19:47:51 PM [main] INFO  com.autonationpractice.base.WebDriverFactory - Chrome Browser invoked
2021-Sep-25 19:47:52 PM [main] INFO  com.autonationpractice.base.WebDriverFactory - Driver maximized and implicit time out set to 20 seconds
2021-Sep-25 19:47:52 PM [main] INFO  com.autonationpractice.base.TestContext - Browser invoked.
2021-Sep-25 19:48:00 PM [main] INFO  com.autonationpractice.base.WebDriverFactory - Browser navigated to the url: http://automationpractice.com/index.php?
2021-Sep-25 19:48:02 PM [main] INFO  com.autonationpractice.pageObjects.Productpage_pageObjects - First Product Add
2021-Sep-25 19:48:04 PM [main] INFO  com.autonationpractice.pageObjects.Productpage_pageObjects - Second Product Add
2021-Sep-25 19:48:05 PM [main] INFO  com.autonationpractice.pageObjects.Productpage_pageObjects - Third Product Add
2021-Sep-25 19:48:05 PM [main] INFO  com.autonationpractice.pageObjects.Productpage_pageObjects -  Add Three Product In Cart
2021-Sep-25 19:48:05 PM [main] INFO  com.autonationpractice.pageObjects.Productpage_pageObjects - Same Product In Cart
2021-Sep-25 19:48:05 PM [main] INFO  io.cucumber.messages.Messages.Hook - Test case is passed, No screenShot is captured.
2021-Sep-25 19:48:06 PM [main] INFO  com.autonationpractice.base.TestContext - Browser quit.
